<?xml version="1.0" encoding="UTF-8"?>
<testsuite xmlns:xsi="http://www.w3.org/2001/XMLSchema-instance" xsi:noNamespaceSchemaLocation="https://maven.apache.org/surefire/maven-surefire-plugin/xsd/surefire-test-report-3.0.xsd" version="3.0" name="com.simform.hibernate1.repository.PaymentInfoRepositoryTest" time="0.61" tests="2" errors="0" skipped="0" failures="0">
  <properties>
[...]
</properties>
  <testcase name="testFindByCardType_Found" classname="com.simform.hibernate1.repository.PaymentInfoRepositoryTest" time="0.169">
    <system-out><![CDATA[2023-07-13T14:48:28.111+05:30  INFO 929369 --- [           main] t.c.s.AnnotationConfigContextLoaderUtils : Could not detect default configuration classes for test class [com.simform.hibernate1.repository.PaymentInfoRepositoryTest]: PaymentInfoRepositoryTest does not declare any static, non-private, non-final, nested classes annotated with @Configuration.
2023-07-13T14:48:28.120+05:30  INFO 929369 --- [           main] .b.t.c.SpringBootTestContextBootstrapper : Found @SpringBootConfiguration com.simform.hibernate1.Hibernate1Application for test class com.simform.hibernate1.repository.PaymentInfoRepositoryTest

  .   ____          _            __ _ _
 /\\ / ___'_ __ _ _(_)_ __  __ _ \ \ \ \
( ( )\___ | '_ | '_| | '_ \/ _` | \ \ \ \
 \\/  ___)| |_)| | | | | || (_| |  ) ) ) )
  '  |____| .__|_| |_|_| |_\__, | / / / /
 =========|_|==============|___/=/_/_/_/
 :: Spring Boot ::                (v3.1.1)

2023-07-13T14:48:28.145+05:30  INFO 929369 --- [           main] c.s.h.r.PaymentInfoRepositoryTest        : Starting PaymentInfoRepositoryTest using Java 20 with PID 929369 (started by yash in /home/yash/Desktop/trainee-java learning/unit-testing-practice)
2023-07-13T14:48:28.146+05:30  INFO 929369 --- [           main] c.s.h.r.PaymentInfoRepositoryTest        : No active profile set, falling back to 1 default profile: "default"
2023-07-13T14:48:28.211+05:30  INFO 929369 --- [           main] .s.d.r.c.RepositoryConfigurationDelegate : Bootstrapping Spring Data JPA repositories in DEFAULT mode.
2023-07-13T14:48:28.223+05:30  INFO 929369 --- [           main] .s.d.r.c.RepositoryConfigurationDelegate : Finished Spring Data repository scanning in 11 ms. Found 4 JPA repository interfaces.
2023-07-13T14:48:28.286+05:30  INFO 929369 --- [           main] o.hibernate.jpa.internal.util.LogHelper  : HHH000204: Processing PersistenceUnitInfo [name: default]
2023-07-13T14:48:28.289+05:30  INFO 929369 --- [           main] o.h.b.i.BytecodeProviderInitiator        : HHH000021: Bytecode provider name : bytebuddy
2023-07-13T14:48:28.289+05:30  INFO 929369 --- [           main] o.s.o.j.p.SpringPersistenceUnitInfo      : No LoadTimeWeaver setup: ignoring JPA class transformer
2023-07-13T14:48:28.290+05:30  INFO 929369 --- [           main] com.zaxxer.hikari.HikariDataSource       : HikariPool-2 - Starting...
2023-07-13T14:48:28.302+05:30  INFO 929369 --- [           main] com.zaxxer.hikari.pool.HikariPool        : HikariPool-2 - Added connection com.mysql.cj.jdbc.ConnectionImpl@31084f37
2023-07-13T14:48:28.302+05:30  INFO 929369 --- [           main] com.zaxxer.hikari.HikariDataSource       : HikariPool-2 - Start completed.
2023-07-13T14:48:28.318+05:30  INFO 929369 --- [           main] o.h.b.i.BytecodeProviderInitiator        : HHH000021: Bytecode provider name : bytebuddy
2023-07-13T14:48:28.375+05:30  INFO 929369 --- [           main] o.h.e.t.j.p.i.JtaPlatformInitiator       : HHH000490: Using JtaPlatform implementation: [org.hibernate.engine.transaction.jta.platform.internal.NoJtaPlatform]
Hibernate: alter table payment_info modify column amount  float(53)
2023-07-13T14:48:28.403+05:30  INFO 929369 --- [           main] j.LocalContainerEntityManagerFactoryBean : Initialized JPA EntityManagerFactory for persistence unit 'default'
2023-07-13T14:48:28.535+05:30  INFO 929369 --- [           main] c.s.h.r.PaymentInfoRepositoryTest        : Started PaymentInfoRepositoryTest in 0.412 seconds (process running for 7.102)
Hibernate: select next_val as id_val from payment_info_seq for update
Hibernate: update payment_info_seq set next_val= ? where next_val=?
PaymentInfo(paymentId=1052, accountNo=23456, amount=23456.66, cardType=DEBIT)
Hibernate: insert into payment_info (account_no,amount,card_type,payment_id) values (?,?,?,?)
Hibernate: select p1_0.payment_id,p1_0.account_no,p1_0.amount,p1_0.card_type from payment_info p1_0 where p1_0.card_type=?
Hibernate: select p1_0.payment_id,p1_0.account_no,p1_0.amount,p1_0.card_type from payment_info p1_0
]]></system-out>
  </testcase>
  <testcase name="testFindByCardType_NotFound" classname="com.simform.hibernate1.repository.PaymentInfoRepositoryTest" time="0.011">
    <system-out><![CDATA[PaymentInfo(paymentId=1053, accountNo=23456, amount=23456.66, cardType=DEBIT)
Hibernate: insert into payment_info (account_no,amount,card_type,payment_id) values (?,?,?,?)
Hibernate: select p1_0.payment_id,p1_0.account_no,p1_0.amount,p1_0.card_type from payment_info p1_0 where p1_0.card_type=?
Hibernate: select p1_0.payment_id,p1_0.account_no,p1_0.amount,p1_0.card_type from payment_info p1_0
]]></system-out>
  </testcase>
</testsuite>